<testsuites id="" name="" tests="105" failures="22" skipped="72" errors="0" time="128.727634">
<testsuite name="oauth-flows.spec.js" timestamp="2025-09-24T11:42:50.485Z" hostname="chromium" tests="21" failures="10" skipped="0" time="343.507" errors="0">
<testcase name="Google OAuth Flows › Client OAuth Flow › should display client Google OAuth button on register page" classname="oauth-flows.spec.js" time="12.949">
</testcase>
<testcase name="Google OAuth Flows › Client OAuth Flow › should set intendedRole to client when clicking client button" classname="oauth-flows.spec.js" time="32.048">
<failure message="oauth-flows.spec.js:27:5 should set intendedRole to client when clicking client button" type="FAILURE">
<![CDATA[  [chromium] › oauth-flows.spec.js:27:5 › Google OAuth Flows › Client OAuth Flow › should set intendedRole to client when clicking client button 

    Test timeout of 30000ms exceeded.

    Error: locator.click: Test timeout of 30000ms exceeded.
    Call log:
      - waiting for locator('button:has-text("Continue with Google as Client")')
        - locator resolved to <button type="button" class="inline-flex items-center justify-center gap-2 whitespace-nowrap rounded-md text-sm font-medium ring-offset-background transition-wellness focus-visible:outline-none focus-visible:ring-2 focus-visible:ring-ring focus-visible:ring-offset-2 disabled:pointer-events-none disabled:opacity-50 [&_svg]:pointer-events-none [&_svg]:size-4 [&_svg]:shrink-0 border border-border bg-background hover:bg-accent hover:text-accent-foreground h-11 px-4 py-2 w-full">…</button>
      - attempting click action
        2 × waiting for element to be visible, enabled and stable
          - element is visible, enabled and stable
          - scrolling into view if needed
          - done scrolling
          - <div class="p-4 sm:p-5">…</div> from <div class="fixed inset-x-0 bottom-0 z-50 p-3 sm:p-4">…</div> subtree intercepts pointer events
        - retrying click action
        - waiting 20ms
        2 × waiting for element to be visible, enabled and stable
          - element is visible, enabled and stable
          - scrolling into view if needed
          - done scrolling
          - <div class="p-4 sm:p-5">…</div> from <div class="fixed inset-x-0 bottom-0 z-50 p-3 sm:p-4">…</div> subtree intercepts pointer events
        - retrying click action
          - waiting 100ms
        35 × waiting for element to be visible, enabled and stable
           - element is visible, enabled and stable
           - scrolling into view if needed
           - done scrolling
           - <div class="p-4 sm:p-5">…</div> from <div class="fixed inset-x-0 bottom-0 z-50 p-3 sm:p-4">…</div> subtree intercepts pointer events
         - retrying click action
           - waiting 500ms
        - waiting for element to be visible, enabled and stable
        - element is visible, enabled and stable
        - scrolling into view if needed
        - done scrolling


      30 |       // Click the client Google OAuth button
      31 |       const clientButton = page.locator('button:has-text("Continue with Google as Client")');
    > 32 |       await clientButton.click();
         |                          ^
      33 |       
      34 |       // Check if intendedRole is set in sessionStorage
      35 |       const intendedRole = await page.evaluate(() => {
        at C:\Users\rayma\Desktop\New folder\peer-care-connect\tests\oauth-flows.spec.js:32:26

    attachment #1: screenshot (image/png) ──────────────────────────────────────────────────────────
    ..\test-results\oauth-flows-Google-OAuth-F-17126-when-clicking-client-button-chromium\test-failed-1.png
    ────────────────────────────────────────────────────────────────────────────────────────────────

    attachment #2: video (video/webm) ──────────────────────────────────────────────────────────────
    ..\test-results\oauth-flows-Google-OAuth-F-17126-when-clicking-client-button-chromium\video.webm
    ────────────────────────────────────────────────────────────────────────────────────────────────

    Error Context: ..\test-results\oauth-flows-Google-OAuth-F-17126-when-clicking-client-button-chromium\error-context.md
]]>
</failure>
<system-out>
<![CDATA[
[[ATTACHMENT|test-results\oauth-flows-Google-OAuth-F-17126-when-clicking-client-button-chromium\test-failed-1.png]]

[[ATTACHMENT|test-results\oauth-flows-Google-OAuth-F-17126-when-clicking-client-button-chromium\video.webm]]

[[ATTACHMENT|test-results\oauth-flows-Google-OAuth-F-17126-when-clicking-client-button-chromium\error-context.md]]
]]>
</system-out>
</testcase>
<testcase name="Google OAuth Flows › Client OAuth Flow › should display client Google OAuth button on login page" classname="oauth-flows.spec.js" time="12.991">
</testcase>
<testcase name="Google OAuth Flows › Client OAuth Flow › should set intendedRole to client when clicking client button on login" classname="oauth-flows.spec.js" time="32.046">
<failure message="oauth-flows.spec.js:54:5 should set intendedRole to client when clicking client button on login" type="FAILURE">
<![CDATA[  [chromium] › oauth-flows.spec.js:54:5 › Google OAuth Flows › Client OAuth Flow › should set intendedRole to client when clicking client button on login 

    Test timeout of 30000ms exceeded.

    Error: locator.click: Test timeout of 30000ms exceeded.
    Call log:
      - waiting for locator('button:has-text("Continue with Google as Client")')
        - locator resolved to <button class="inline-flex items-center justify-center gap-2 whitespace-nowrap rounded-md text-sm font-medium ring-offset-background transition-wellness focus-visible:outline-none focus-visible:ring-2 focus-visible:ring-ring focus-visible:ring-offset-2 disabled:pointer-events-none disabled:opacity-50 [&_svg]:pointer-events-none [&_svg]:size-4 [&_svg]:shrink-0 border border-border bg-background hover:bg-accent hover:text-accent-foreground h-11 px-4 py-2 w-full">…</button>
      - attempting click action
        2 × waiting for element to be visible, enabled and stable
          - element is visible, enabled and stable
          - scrolling into view if needed
          - done scrolling
          - <h3 class="font-semibold mb-1">Cookies & Privacy</h3> from <div class="fixed inset-x-0 bottom-0 z-50 p-3 sm:p-4">…</div> subtree intercepts pointer events
        - retrying click action
        - waiting 20ms
        2 × waiting for element to be visible, enabled and stable
          - element is visible, enabled and stable
          - scrolling into view if needed
          - done scrolling
          - <h3 class="font-semibold mb-1">Cookies & Privacy</h3> from <div class="fixed inset-x-0 bottom-0 z-50 p-3 sm:p-4">…</div> subtree intercepts pointer events
        - retrying click action
          - waiting 100ms
        36 × waiting for element to be visible, enabled and stable
           - element is visible, enabled and stable
           - scrolling into view if needed
           - done scrolling
           - <h3 class="font-semibold mb-1">Cookies & Privacy</h3> from <div class="fixed inset-x-0 bottom-0 z-50 p-3 sm:p-4">…</div> subtree intercepts pointer events
         - retrying click action
           - waiting 500ms


      57 |       // Click the client Google OAuth button
      58 |       const clientButton = page.locator('button:has-text("Continue with Google as Client")');
    > 59 |       await clientButton.click();
         |                          ^
      60 |       
      61 |       // Check if intendedRole is set in sessionStorage
      62 |       const intendedRole = await page.evaluate(() => {
        at C:\Users\rayma\Desktop\New folder\peer-care-connect\tests\oauth-flows.spec.js:59:26

    attachment #1: screenshot (image/png) ──────────────────────────────────────────────────────────
    ..\test-results\oauth-flows-Google-OAuth-F-1ac5a-king-client-button-on-login-chromium\test-failed-1.png
    ────────────────────────────────────────────────────────────────────────────────────────────────

    attachment #2: video (video/webm) ──────────────────────────────────────────────────────────────
    ..\test-results\oauth-flows-Google-OAuth-F-1ac5a-king-client-button-on-login-chromium\video.webm
    ────────────────────────────────────────────────────────────────────────────────────────────────

    Error Context: ..\test-results\oauth-flows-Google-OAuth-F-1ac5a-king-client-button-on-login-chromium\error-context.md
]]>
</failure>
<system-out>
<![CDATA[
[[ATTACHMENT|test-results\oauth-flows-Google-OAuth-F-1ac5a-king-client-button-on-login-chromium\test-failed-1.png]]

[[ATTACHMENT|test-results\oauth-flows-Google-OAuth-F-1ac5a-king-client-button-on-login-chromium\video.webm]]

[[ATTACHMENT|test-results\oauth-flows-Google-OAuth-F-1ac5a-king-client-button-on-login-chromium\error-context.md]]
]]>
</system-out>
</testcase>
<testcase name="Google OAuth Flows › Practitioner OAuth Flow › should display practitioner Google OAuth button on register page" classname="oauth-flows.spec.js" time="18.75">
</testcase>
<testcase name="Google OAuth Flows › Practitioner OAuth Flow › should set intendedRole to practitioner when clicking practitioner button" classname="oauth-flows.spec.js" time="32.051">
<failure message="oauth-flows.spec.js:79:5 should set intendedRole to practitioner when clicking practitioner button" type="FAILURE">
<![CDATA[  [chromium] › oauth-flows.spec.js:79:5 › Google OAuth Flows › Practitioner OAuth Flow › should set intendedRole to practitioner when clicking practitioner button 

    Test timeout of 30000ms exceeded.

    Error: locator.click: Test timeout of 30000ms exceeded.
    Call log:
      - waiting for locator('button:has-text("Continue with Google as Practitioner")')
        - locator resolved to <button type="button" class="inline-flex items-center justify-center gap-2 whitespace-nowrap rounded-md text-sm font-medium ring-offset-background transition-wellness focus-visible:outline-none focus-visible:ring-2 focus-visible:ring-ring focus-visible:ring-offset-2 disabled:pointer-events-none disabled:opacity-50 [&_svg]:pointer-events-none [&_svg]:size-4 [&_svg]:shrink-0 border border-border bg-background hover:bg-accent hover:text-accent-foreground h-11 px-4 py-2 w-full">…</button>
      - attempting click action
        2 × waiting for element to be visible, enabled and stable
          - element is visible, enabled and stable
          - scrolling into view if needed
          - done scrolling
          - <p class="text-sm text-muted-foreground">We use essential cookies to make our site work. W…</p> from <div class="fixed inset-x-0 bottom-0 z-50 p-3 sm:p-4">…</div> subtree intercepts pointer events
        - retrying click action
        - waiting 20ms
        2 × waiting for element to be visible, enabled and stable
          - element is visible, enabled and stable
          - scrolling into view if needed
          - done scrolling
          - <p class="text-sm text-muted-foreground">We use essential cookies to make our site work. W…</p> from <div class="fixed inset-x-0 bottom-0 z-50 p-3 sm:p-4">…</div> subtree intercepts pointer events
        - retrying click action
          - waiting 100ms
        28 × waiting for element to be visible, enabled and stable
           - element is visible, enabled and stable
           - scrolling into view if needed
           - done scrolling
           - <p class="text-sm text-muted-foreground">We use essential cookies to make our site work. W…</p> from <div class="fixed inset-x-0 bottom-0 z-50 p-3 sm:p-4">…</div> subtree intercepts pointer events
         - retrying click action
           - waiting 500ms


      82 |       // Click the practitioner Google OAuth button
      83 |       const practitionerButton = page.locator('button:has-text("Continue with Google as Practitioner")');
    > 84 |       await practitionerButton.click();
         |                                ^
      85 |       
      86 |       // Check if intendedRole is set in sessionStorage
      87 |       const intendedRole = await page.evaluate(() => {
        at C:\Users\rayma\Desktop\New folder\peer-care-connect\tests\oauth-flows.spec.js:84:32

    attachment #1: screenshot (image/png) ──────────────────────────────────────────────────────────
    ..\test-results\oauth-flows-Google-OAuth-F-72993-licking-practitioner-button-chromium\test-failed-1.png
    ────────────────────────────────────────────────────────────────────────────────────────────────

    attachment #2: video (video/webm) ──────────────────────────────────────────────────────────────
    ..\test-results\oauth-flows-Google-OAuth-F-72993-licking-practitioner-button-chromium\video.webm
    ────────────────────────────────────────────────────────────────────────────────────────────────

    Error Context: ..\test-results\oauth-flows-Google-OAuth-F-72993-licking-practitioner-button-chromium\error-context.md
]]>
</failure>
<system-out>
<![CDATA[
[[ATTACHMENT|test-results\oauth-flows-Google-OAuth-F-72993-licking-practitioner-button-chromium\test-failed-1.png]]

[[ATTACHMENT|test-results\oauth-flows-Google-OAuth-F-72993-licking-practitioner-button-chromium\video.webm]]

[[ATTACHMENT|test-results\oauth-flows-Google-OAuth-F-72993-licking-practitioner-button-chromium\error-context.md]]
]]>
</system-out>
</testcase>
<testcase name="Google OAuth Flows › Practitioner OAuth Flow › should display practitioner Google OAuth button on login page" classname="oauth-flows.spec.js" time="11.417">
</testcase>
<testcase name="Google OAuth Flows › Practitioner OAuth Flow › should set intendedRole to practitioner when clicking practitioner button on login" classname="oauth-flows.spec.js" time="32.049">
<failure message="oauth-flows.spec.js:102:5 should set intendedRole to practitioner when clicking practitioner button on login" type="FAILURE">
<![CDATA[  [chromium] › oauth-flows.spec.js:102:5 › Google OAuth Flows › Practitioner OAuth Flow › should set intendedRole to practitioner when clicking practitioner button on login 

    Test timeout of 30000ms exceeded.

    Error: locator.click: Test timeout of 30000ms exceeded.
    Call log:
      - waiting for locator('button:has-text("Continue with Google as Practitioner")')
        - locator resolved to <button class="inline-flex items-center justify-center gap-2 whitespace-nowrap rounded-md text-sm font-medium ring-offset-background transition-wellness focus-visible:outline-none focus-visible:ring-2 focus-visible:ring-ring focus-visible:ring-offset-2 disabled:pointer-events-none disabled:opacity-50 [&_svg]:pointer-events-none [&_svg]:size-4 [&_svg]:shrink-0 border border-border bg-background hover:bg-accent hover:text-accent-foreground h-11 px-4 py-2 w-full">…</button>
      - attempting click action
        2 × waiting for element to be visible, enabled and stable
          - element is visible, enabled and stable
          - scrolling into view if needed
          - done scrolling
          - <p class="text-sm text-muted-foreground">We use essential cookies to make our site work. W…</p> from <div class="fixed inset-x-0 bottom-0 z-50 p-3 sm:p-4">…</div> subtree intercepts pointer events
        - retrying click action
        - waiting 20ms
        2 × waiting for element to be visible, enabled and stable
          - element is visible, enabled and stable
          - scrolling into view if needed
          - done scrolling
          - <p class="text-sm text-muted-foreground">We use essential cookies to make our site work. W…</p> from <div class="fixed inset-x-0 bottom-0 z-50 p-3 sm:p-4">…</div> subtree intercepts pointer events
        - retrying click action
          - waiting 100ms
        33 × waiting for element to be visible, enabled and stable
           - element is visible, enabled and stable
           - scrolling into view if needed
           - done scrolling
           - <p class="text-sm text-muted-foreground">We use essential cookies to make our site work. W…</p> from <div class="fixed inset-x-0 bottom-0 z-50 p-3 sm:p-4">…</div> subtree intercepts pointer events
         - retrying click action
           - waiting 500ms


      105 |       // Click the practitioner Google OAuth button
      106 |       const practitionerButton = page.locator('button:has-text("Continue with Google as Practitioner")');
    > 107 |       await practitionerButton.click();
          |                                ^
      108 |       
      109 |       // Check if intendedRole is set in sessionStorage
      110 |       const intendedRole = await page.evaluate(() => {
        at C:\Users\rayma\Desktop\New folder\peer-care-connect\tests\oauth-flows.spec.js:107:32

    attachment #1: screenshot (image/png) ──────────────────────────────────────────────────────────
    ..\test-results\oauth-flows-Google-OAuth-F-f72be-ractitioner-button-on-login-chromium\test-failed-1.png
    ────────────────────────────────────────────────────────────────────────────────────────────────

    attachment #2: video (video/webm) ──────────────────────────────────────────────────────────────
    ..\test-results\oauth-flows-Google-OAuth-F-f72be-ractitioner-button-on-login-chromium\video.webm
    ────────────────────────────────────────────────────────────────────────────────────────────────

    Error Context: ..\test-results\oauth-flows-Google-OAuth-F-f72be-ractitioner-button-on-login-chromium\error-context.md
]]>
</failure>
<system-out>
<![CDATA[
[[ATTACHMENT|test-results\oauth-flows-Google-OAuth-F-f72be-ractitioner-button-on-login-chromium\test-failed-1.png]]

[[ATTACHMENT|test-results\oauth-flows-Google-OAuth-F-f72be-ractitioner-button-on-login-chromium\video.webm]]

[[ATTACHMENT|test-results\oauth-flows-Google-OAuth-F-f72be-ractitioner-button-on-login-chromium\error-context.md]]
]]>
</system-out>
</testcase>
<testcase name="Google OAuth Flows › Role Selection Page › should display role selection options for practitioners" classname="oauth-flows.spec.js" time="16.297">
<failure message="oauth-flows.spec.js:119:5 should display role selection options for practitioners" type="FAILURE">
<![CDATA[  [chromium] › oauth-flows.spec.js:119:5 › Google OAuth Flows › Role Selection Page › should display role selection options for practitioners 

    Error: expect(locator).toBeVisible() failed

    Locator:  locator('input[value="osteopath"]')
    Expected: visible
    Received: <element(s) not found>
    Timeout:  5000ms

    Call log:
      - Expect "toBeVisible" with timeout 5000ms
      - waiting for locator('input[value="osteopath"]')


      126 |       const clientOption = page.locator('input[value="client"]');
      127 |       
    > 128 |       await expect(osteopathOption).toBeVisible();
          |                                     ^
      129 |       await expect(sportsTherapistOption).toBeVisible();
      130 |       await expect(massageTherapistOption).toBeVisible();
      131 |       await expect(clientOption).toBeVisible();
        at C:\Users\rayma\Desktop\New folder\peer-care-connect\tests\oauth-flows.spec.js:128:37

    attachment #1: screenshot (image/png) ──────────────────────────────────────────────────────────
    ..\test-results\oauth-flows-Google-OAuth-F-f8f73-n-options-for-practitioners-chromium\test-failed-1.png
    ────────────────────────────────────────────────────────────────────────────────────────────────

    attachment #2: video (video/webm) ──────────────────────────────────────────────────────────────
    ..\test-results\oauth-flows-Google-OAuth-F-f8f73-n-options-for-practitioners-chromium\video.webm
    ────────────────────────────────────────────────────────────────────────────────────────────────

    Error Context: ..\test-results\oauth-flows-Google-OAuth-F-f8f73-n-options-for-practitioners-chromium\error-context.md
]]>
</failure>
<system-out>
<![CDATA[
[[ATTACHMENT|test-results\oauth-flows-Google-OAuth-F-f8f73-n-options-for-practitioners-chromium\test-failed-1.png]]

[[ATTACHMENT|test-results\oauth-flows-Google-OAuth-F-f8f73-n-options-for-practitioners-chromium\video.webm]]

[[ATTACHMENT|test-results\oauth-flows-Google-OAuth-F-f8f73-n-options-for-practitioners-chromium\error-context.md]]
]]>
</system-out>
</testcase>
<testcase name="Google OAuth Flows › Role Selection Page › should allow selecting osteopath role" classname="oauth-flows.spec.js" time="32.046">
<failure message="oauth-flows.spec.js:134:5 should allow selecting osteopath role" type="FAILURE">
<![CDATA[  [chromium] › oauth-flows.spec.js:134:5 › Google OAuth Flows › Role Selection Page › should allow selecting osteopath role 

    Test timeout of 30000ms exceeded.

    Error: locator.check: Test timeout of 30000ms exceeded.
    Call log:
      - waiting for locator('input[value="osteopath"]')


      137 |       // Select osteopath role
      138 |       const osteopathOption = page.locator('input[value="osteopath"]');
    > 139 |       await osteopathOption.check();
          |                             ^
      140 |       
      141 |       // Verify selection
      142 |       await expect(osteopathOption).toBeChecked();
        at C:\Users\rayma\Desktop\New folder\peer-care-connect\tests\oauth-flows.spec.js:139:29

    attachment #1: screenshot (image/png) ──────────────────────────────────────────────────────────
    ..\test-results\oauth-flows-Google-OAuth-F-ace1f-ow-selecting-osteopath-role-chromium\test-failed-1.png
    ────────────────────────────────────────────────────────────────────────────────────────────────

    attachment #2: video (video/webm) ──────────────────────────────────────────────────────────────
    ..\test-results\oauth-flows-Google-OAuth-F-ace1f-ow-selecting-osteopath-role-chromium\video.webm
    ────────────────────────────────────────────────────────────────────────────────────────────────

    Error Context: ..\test-results\oauth-flows-Google-OAuth-F-ace1f-ow-selecting-osteopath-role-chromium\error-context.md
]]>
</failure>
<system-out>
<![CDATA[
[[ATTACHMENT|test-results\oauth-flows-Google-OAuth-F-ace1f-ow-selecting-osteopath-role-chromium\test-failed-1.png]]

[[ATTACHMENT|test-results\oauth-flows-Google-OAuth-F-ace1f-ow-selecting-osteopath-role-chromium\video.webm]]

[[ATTACHMENT|test-results\oauth-flows-Google-OAuth-F-ace1f-ow-selecting-osteopath-role-chromium\error-context.md]]
]]>
</system-out>
</testcase>
<testcase name="Google OAuth Flows › Role Selection Page › should allow selecting sports therapist role" classname="oauth-flows.spec.js" time="32.052">
<failure message="oauth-flows.spec.js:145:5 should allow selecting sports therapist role" type="FAILURE">
<![CDATA[  [chromium] › oauth-flows.spec.js:145:5 › Google OAuth Flows › Role Selection Page › should allow selecting sports therapist role 

    Test timeout of 30000ms exceeded.

    Error: locator.check: Test timeout of 30000ms exceeded.
    Call log:
      - waiting for locator('input[value="sports_therapist"]')


      148 |       // Select sports therapist role
      149 |       const sportsTherapistOption = page.locator('input[value="sports_therapist"]');
    > 150 |       await sportsTherapistOption.check();
          |                                   ^
      151 |       
      152 |       // Verify selection
      153 |       await expect(sportsTherapistOption).toBeChecked();
        at C:\Users\rayma\Desktop\New folder\peer-care-connect\tests\oauth-flows.spec.js:150:35

    attachment #1: screenshot (image/png) ──────────────────────────────────────────────────────────
    ..\test-results\oauth-flows-Google-OAuth-F-a27c5-cting-sports-therapist-role-chromium\test-failed-1.png
    ────────────────────────────────────────────────────────────────────────────────────────────────

    attachment #2: video (video/webm) ──────────────────────────────────────────────────────────────
    ..\test-results\oauth-flows-Google-OAuth-F-a27c5-cting-sports-therapist-role-chromium\video.webm
    ────────────────────────────────────────────────────────────────────────────────────────────────

    Error Context: ..\test-results\oauth-flows-Google-OAuth-F-a27c5-cting-sports-therapist-role-chromium\error-context.md
]]>
</failure>
<system-out>
<![CDATA[
[[ATTACHMENT|test-results\oauth-flows-Google-OAuth-F-a27c5-cting-sports-therapist-role-chromium\test-failed-1.png]]

[[ATTACHMENT|test-results\oauth-flows-Google-OAuth-F-a27c5-cting-sports-therapist-role-chromium\video.webm]]

[[ATTACHMENT|test-results\oauth-flows-Google-OAuth-F-a27c5-cting-sports-therapist-role-chromium\error-context.md]]
]]>
</system-out>
</testcase>
<testcase name="Google OAuth Flows › Role Selection Page › should allow selecting massage therapist role" classname="oauth-flows.spec.js" time="32.053">
<failure message="oauth-flows.spec.js:156:5 should allow selecting massage therapist role" type="FAILURE">
<![CDATA[  [chromium] › oauth-flows.spec.js:156:5 › Google OAuth Flows › Role Selection Page › should allow selecting massage therapist role 

    Test timeout of 30000ms exceeded.

    Error: locator.check: Test timeout of 30000ms exceeded.
    Call log:
      - waiting for locator('input[value="massage_therapist"]')


      159 |       // Select massage therapist role
      160 |       const massageTherapistOption = page.locator('input[value="massage_therapist"]');
    > 161 |       await massageTherapistOption.check();
          |                                    ^
      162 |       
      163 |       // Verify selection
      164 |       await expect(massageTherapistOption).toBeChecked();
        at C:\Users\rayma\Desktop\New folder\peer-care-connect\tests\oauth-flows.spec.js:161:36

    attachment #1: screenshot (image/png) ──────────────────────────────────────────────────────────
    ..\test-results\oauth-flows-Google-OAuth-F-f3eb6-ting-massage-therapist-role-chromium\test-failed-1.png
    ────────────────────────────────────────────────────────────────────────────────────────────────

    attachment #2: video (video/webm) ──────────────────────────────────────────────────────────────
    ..\test-results\oauth-flows-Google-OAuth-F-f3eb6-ting-massage-therapist-role-chromium\video.webm
    ────────────────────────────────────────────────────────────────────────────────────────────────

    Error Context: ..\test-results\oauth-flows-Google-OAuth-F-f3eb6-ting-massage-therapist-role-chromium\error-context.md
]]>
</failure>
<system-out>
<![CDATA[
[[ATTACHMENT|test-results\oauth-flows-Google-OAuth-F-f3eb6-ting-massage-therapist-role-chromium\test-failed-1.png]]

[[ATTACHMENT|test-results\oauth-flows-Google-OAuth-F-f3eb6-ting-massage-therapist-role-chromium\video.webm]]

[[ATTACHMENT|test-results\oauth-flows-Google-OAuth-F-f3eb6-ting-massage-therapist-role-chromium\error-context.md]]
]]>
</system-out>
</testcase>
<testcase name="Google OAuth Flows › Role Selection Page › should allow selecting client role" classname="oauth-flows.spec.js" time="30.756">
<failure message="oauth-flows.spec.js:167:5 should allow selecting client role" type="FAILURE">
<![CDATA[  [chromium] › oauth-flows.spec.js:167:5 › Google OAuth Flows › Role Selection Page › should allow selecting client role 

    Test timeout of 30000ms exceeded.

    Error: locator.check: Test timeout of 30000ms exceeded.
    Call log:
      - waiting for locator('input[value="client"]')


      170 |       // Select client role
      171 |       const clientOption = page.locator('input[value="client"]');
    > 172 |       await clientOption.check();
          |                          ^
      173 |       
      174 |       // Verify selection
      175 |       await expect(clientOption).toBeChecked();
        at C:\Users\rayma\Desktop\New folder\peer-care-connect\tests\oauth-flows.spec.js:172:26

    attachment #1: screenshot (image/png) ──────────────────────────────────────────────────────────
    ..\test-results\oauth-flows-Google-OAuth-F-25ce5-allow-selecting-client-role-chromium\test-failed-1.png
    ────────────────────────────────────────────────────────────────────────────────────────────────

    attachment #2: video (video/webm) ──────────────────────────────────────────────────────────────
    ..\test-results\oauth-flows-Google-OAuth-F-25ce5-allow-selecting-client-role-chromium\video.webm
    ────────────────────────────────────────────────────────────────────────────────────────────────

    Error Context: ..\test-results\oauth-flows-Google-OAuth-F-25ce5-allow-selecting-client-role-chromium\error-context.md
]]>
</failure>
<system-out>
<![CDATA[
[[ATTACHMENT|test-results\oauth-flows-Google-OAuth-F-25ce5-allow-selecting-client-role-chromium\test-failed-1.png]]

[[ATTACHMENT|test-results\oauth-flows-Google-OAuth-F-25ce5-allow-selecting-client-role-chromium\video.webm]]

[[ATTACHMENT|test-results\oauth-flows-Google-OAuth-F-25ce5-allow-selecting-client-role-chromium\error-context.md]]
]]>
</system-out>
</testcase>
<testcase name="Google OAuth Flows › Navigation and Routing › should navigate to register page" classname="oauth-flows.spec.js" time="1.428">
</testcase>
<testcase name="Google OAuth Flows › Navigation and Routing › should navigate to login page" classname="oauth-flows.spec.js" time="1.364">
</testcase>
<testcase name="Google OAuth Flows › Navigation and Routing › should navigate to role selection page" classname="oauth-flows.spec.js" time="0.993">
</testcase>
<testcase name="Google OAuth Flows › Navigation and Routing › should navigate to onboarding page" classname="oauth-flows.spec.js" time="0.816">
</testcase>
<testcase name="Google OAuth Flows › Error Handling › should handle missing session storage gracefully" classname="oauth-flows.spec.js" time="2.2">
</testcase>
<testcase name="Google OAuth Flows › Error Handling › should display error messages for failed operations" classname="oauth-flows.spec.js" time="2.042">
</testcase>
<testcase name="Google OAuth Flows › Mobile Responsiveness › should display OAuth buttons correctly on mobile" classname="oauth-flows.spec.js" time="1.069">
</testcase>
<testcase name="Google OAuth Flows › Mobile Responsiveness › should display role selection correctly on mobile" classname="oauth-flows.spec.js" time="6.09">
<failure message="oauth-flows.spec.js:245:5 should display role selection correctly on mobile" type="FAILURE">
<![CDATA[  [chromium] › oauth-flows.spec.js:245:5 › Google OAuth Flows › Mobile Responsiveness › should display role selection correctly on mobile 

    Error: expect(locator).toBeVisible() failed

    Locator:  locator('input[value="osteopath"]')
    Expected: visible
    Received: <element(s) not found>
    Timeout:  5000ms

    Call log:
      - Expect "toBeVisible" with timeout 5000ms
      - waiting for locator('input[value="osteopath"]')


      251 |       // Check if role options are visible on mobile
      252 |       const osteopathOption = page.locator('input[value="osteopath"]');
    > 253 |       await expect(osteopathOption).toBeVisible();
          |                                     ^
      254 |     });
      255 |   });
      256 | });
        at C:\Users\rayma\Desktop\New folder\peer-care-connect\tests\oauth-flows.spec.js:253:37

    attachment #1: screenshot (image/png) ──────────────────────────────────────────────────────────
    ..\test-results\oauth-flows-Google-OAuth-F-c71c4-lection-correctly-on-mobile-chromium\test-failed-1.png
    ────────────────────────────────────────────────────────────────────────────────────────────────

    attachment #2: video (video/webm) ──────────────────────────────────────────────────────────────
    ..\test-results\oauth-flows-Google-OAuth-F-c71c4-lection-correctly-on-mobile-chromium\video.webm
    ────────────────────────────────────────────────────────────────────────────────────────────────

    Error Context: ..\test-results\oauth-flows-Google-OAuth-F-c71c4-lection-correctly-on-mobile-chromium\error-context.md
]]>
</failure>
<system-out>
<![CDATA[
[[ATTACHMENT|test-results\oauth-flows-Google-OAuth-F-c71c4-lection-correctly-on-mobile-chromium\test-failed-1.png]]

[[ATTACHMENT|test-results\oauth-flows-Google-OAuth-F-c71c4-lection-correctly-on-mobile-chromium\video.webm]]

[[ATTACHMENT|test-results\oauth-flows-Google-OAuth-F-c71c4-lection-correctly-on-mobile-chromium\error-context.md]]
]]>
</system-out>
</testcase>
</testsuite>
<testsuite name="oauth-flows.spec.js" timestamp="2025-09-24T11:42:50.485Z" hostname="firefox" tests="21" failures="12" skipped="9" time="485.028" errors="0">
<testcase name="Google OAuth Flows › Client OAuth Flow › should display client Google OAuth button on register page" classname="oauth-flows.spec.js" time="34.937">
<failure message="oauth-flows.spec.js:15:5 should display client Google OAuth button on register page" type="FAILURE">
<![CDATA[  [firefox] › oauth-flows.spec.js:15:5 › Google OAuth Flows › Client OAuth Flow › should display client Google OAuth button on register page 

    Test timeout of 30000ms exceeded while running "beforeEach" hook.

      3 | test.describe('Google OAuth Flows', () => {
      4 |   
    > 5 |   test.beforeEach(async ({ page }) => {
        |        ^
      6 |     // Clear session storage before each test
      7 |     await page.goto('/');
      8 |     await page.evaluate(() => {
        at C:\Users\rayma\Desktop\New folder\peer-care-connect\tests\oauth-flows.spec.js:5:8

    Error: page.goto: Target page, context or browser has been closed
    Call log:
      - navigating to "https://theramate-l3h8xe50o-theras-projects-6dfd5a34.vercel.app/", waiting until "load"


       5 |   test.beforeEach(async ({ page }) => {
       6 |     // Clear session storage before each test
    >  7 |     await page.goto('/');
         |                ^
       8 |     await page.evaluate(() => {
       9 |       sessionStorage.clear();
      10 |       localStorage.clear();
        at C:\Users\rayma\Desktop\New folder\peer-care-connect\tests\oauth-flows.spec.js:7:16
]]>
</failure>
</testcase>
<testcase name="Google OAuth Flows › Client OAuth Flow › should set intendedRole to client when clicking client button" classname="oauth-flows.spec.js" time="43.438">
<failure message="oauth-flows.spec.js:27:5 should set intendedRole to client when clicking client button" type="FAILURE">
<![CDATA[  [firefox] › oauth-flows.spec.js:27:5 › Google OAuth Flows › Client OAuth Flow › should set intendedRole to client when clicking client button 

    Test timeout of 30000ms exceeded.

    Error: browserContext.close: Test timeout of 30000ms exceeded.
    Browser logs:

    <launching> C:\Users\rayma\AppData\Local\ms-playwright\firefox-1490\firefox\firefox.exe -no-remote -headless -profile C:\Users\rayma\AppData\Local\Temp\playwright_firefoxdev_profile-fsRJuY -juggler-pipe -silent
    <launched> pid=9256
    [pid=9256][err] *** You are running in headless mode.
    [pid=9256][err] JavaScript warning: resource://services-settings/Utils.sys.mjs, line 116: unreachable code after return statement
    [pid=9256][out] console.warn: services.settings: Ignoring preference override of remote settings server
    [pid=9256][out] console.warn: services.settings: Allow by setting MOZ_REMOTE_SETTINGS_DEVTOOLS=1 in the environment
    [pid=9256][out] 
    [pid=9256][out] Juggler listening to the pipe
    [pid=9256][out] Crash Annotation GraphicsCriticalError: |[0][GFX1-]: RenderCompositorSWGL failed mapping default framebuffer, no dt (t=38.9519) [GFX1-]: RenderCompositorSWGL failed mapping default framebuffer, no dt
    [pid=9256][err] JavaScript error: chrome://juggler/content/Helper.js, line 82: NS_ERROR_FAILURE: Component returned failure code: 0x80004005 (NS_ERROR_FAILURE) [nsIWebProgress.removeProgressListener]
    [pid=9256][out] console.error: services.settings: 
    [pid=9256][out]   Message: EmptyDatabaseError: "main/nimbus-desktop-experiments" has not been synced yet
    [pid=9256][out]   Stack:
    [pid=9256][out]     EmptyDatabaseError@resource://services-settings/Database.sys.mjs:19:5
    [pid=9256][out] list@resource://services-settings/Database.sys.mjs:96:13
    [pid=9256][out] 
    [pid=9256][out] console.error: services.settings: 
    [pid=9256][out]   Message: EmptyDatabaseError: "main/nimbus-secure-experiments" has not been synced yet
    [pid=9256][out]   Stack:
    [pid=9256][out]     EmptyDatabaseError@resource://services-settings/Database.sys.mjs:19:5
    [pid=9256][out] list@resource://services-settings/Database.sys.mjs:96:13
    [pid=9256][out] 
    [pid=9256][out] console.warn: services.settings: #fetchAttachment: Forcing fallbackToDump to false due to Utils.LOAD_DUMPS being false
    [pid=9256][out] console.error: (new NotFoundError("Could not find fa0fc42c-d91d-fca7-34eb-806ff46062dc in cache or dump", "resource://services-settings/Attachments.sys.mjs", 48))
    [pid=9256][out] console.warn: "Unable to find the attachment for" "fa0fc42c-d91d-fca7-34eb-806ff46062dc"
    [pid=9256][out] console.error: [Exception... "Component returned failure code: 0x80070057 (NS_ERROR_ILLEGAL_VALUE) [nsIWinTaskbar.getTaskbarProgress]"  nsresult: "0x80070057 (NS_ERROR_ILLEGAL_VALUE)"  location: "JS frame :: resource:///modules/DownloadsTaskbar.sys.mjs :: _attachIndicator :: line 127"  data: no]

    Error: locator.click: Test timeout of 30000ms exceeded.
    Browser logs:

    <launching> C:\Users\rayma\AppData\Local\ms-playwright\firefox-1490\firefox\firefox.exe -no-remote -headless -profile C:\Users\rayma\AppData\Local\Temp\playwright_firefoxdev_profile-fsRJuY -juggler-pipe -silent
    <launched> pid=9256
    [pid=9256][err] *** You are running in headless mode.
    [pid=9256][err] JavaScript warning: resource://services-settings/Utils.sys.mjs, line 116: unreachable code after return statement
    [pid=9256][out] console.warn: services.settings: Ignoring preference override of remote settings server
    [pid=9256][out] console.warn: services.settings: Allow by setting MOZ_REMOTE_SETTINGS_DEVTOOLS=1 in the environment
    [pid=9256][out] 
    [pid=9256][out] Juggler listening to the pipe
    [pid=9256][out] Crash Annotation GraphicsCriticalError: |[0][GFX1-]: RenderCompositorSWGL failed mapping default framebuffer, no dt (t=38.9519) [GFX1-]: RenderCompositorSWGL failed mapping default framebuffer, no dt
    [pid=9256][err] JavaScript error: chrome://juggler/content/Helper.js, line 82: NS_ERROR_FAILURE: Component returned failure code: 0x80004005 (NS_ERROR_FAILURE) [nsIWebProgress.removeProgressListener]
    [pid=9256][out] console.error: services.settings: 
    [pid=9256][out]   Message: EmptyDatabaseError: "main/nimbus-desktop-experiments" has not been synced yet
    [pid=9256][out]   Stack:
    [pid=9256][out]     EmptyDatabaseError@resource://services-settings/Database.sys.mjs:19:5
    [pid=9256][out] list@resource://services-settings/Database.sys.mjs:96:13
    [pid=9256][out] 
    [pid=9256][out] console.error: services.settings: 
    [pid=9256][out]   Message: EmptyDatabaseError: "main/nimbus-secure-experiments" has not been synced yet
    [pid=9256][out]   Stack:
    [pid=9256][out]     EmptyDatabaseError@resource://services-settings/Database.sys.mjs:19:5
    [pid=9256][out] list@resource://services-settings/Database.sys.mjs:96:13
    [pid=9256][out] 
    [pid=9256][out] console.warn: services.settings: #fetchAttachment: Forcing fallbackToDump to false due to Utils.LOAD_DUMPS being false
    [pid=9256][out] console.error: (new NotFoundError("Could not find fa0fc42c-d91d-fca7-34eb-806ff46062dc in cache or dump", "resource://services-settings/Attachments.sys.mjs", 48))
    [pid=9256][out] console.warn: "Unable to find the attachment for" "fa0fc42c-d91d-fca7-34eb-806ff46062dc"
    [pid=9256][out] console.error: [Exception... "Component returned failure code: 0x80070057 (NS_ERROR_ILLEGAL_VALUE) [nsIWinTaskbar.getTaskbarProgress]"  nsresult: "0x80070057 (NS_ERROR_ILLEGAL_VALUE)"  location: "JS frame :: resource:///modules/DownloadsTaskbar.sys.mjs :: _attachIndicator :: line 127"  data: no]
    Call log:
      - waiting for locator('button:has-text("Continue with Google as Client")')
        - locator resolved to <button type="button" class="inline-flex items-center justify-center gap-2 whitespace-nowrap rounded-md text-sm font-medium ring-offset-background transition-wellness focus-visible:outline-none focus-visible:ring-2 focus-visible:ring-ring focus-visible:ring-offset-2 disabled:pointer-events-none disabled:opacity-50 [&_svg]:pointer-events-none [&_svg]:size-4 [&_svg]:shrink-0 border border-border bg-background hover:bg-accent hover:text-accent-foreground h-11 px-4 py-2 w-full">…</button>
      - attempting click action
        2 × waiting for element to be visible, enabled and stable
          - element is visible, enabled and stable
          - scrolling into view if needed
          - done scrolling
          - <div class="p-4 sm:p-5">…</div> from <div class="fixed inset-x-0 bottom-0 z-50 p-3 sm:p-4">…</div> subtree intercepts pointer events
        - retrying click action
        - waiting 20ms
        - waiting for element to be visible, enabled and stable
        - element is visible, enabled and stable
        - scrolling into view if needed

        at [pid=9256][out]     EmptyDatabaseError@resource://services-settings/Database.sys.mjs:19:5
        at [pid=9256][out] list@resource://services-settings/Database.sys.mjs:96:13
        at [pid=9256][out]     EmptyDatabaseError@resource://services-settings/Database.sys.mjs:19:5
        at [pid=9256][out] list@resource://services-settings/Database.sys.mjs:96:13
        at C:\Users\rayma\Desktop\New folder\peer-care-connect\tests\oauth-flows.spec.js:32:26
]]>
</failure>
</testcase>
<testcase name="Google OAuth Flows › Client OAuth Flow › should display client Google OAuth button on login page" classname="oauth-flows.spec.js" time="43.068">
<failure message="oauth-flows.spec.js:42:5 should display client Google OAuth button on login page" type="FAILURE">
<![CDATA[  [firefox] › oauth-flows.spec.js:42:5 › Google OAuth Flows › Client OAuth Flow › should display client Google OAuth button on login page 

    Test timeout of 30000ms exceeded.

    Error: browserContext.close: Test timeout of 30000ms exceeded.
    Browser logs:

    <launching> C:\Users\rayma\AppData\Local\ms-playwright\firefox-1490\firefox\firefox.exe -no-remote -headless -profile C:\Users\rayma\AppData\Local\Temp\playwright_firefoxdev_profile-wkxPV2 -juggler-pipe -silent
    <launched> pid=35160
    [pid=35160][err] *** You are running in headless mode.
    [pid=35160][err] JavaScript warning: resource://services-settings/Utils.sys.mjs, line 116: unreachable code after return statement
    [pid=35160][out] console.warn: services.settings: Ignoring preference override of remote settings server
    [pid=35160][out] console.warn: services.settings: Allow by setting MOZ_REMOTE_SETTINGS_DEVTOOLS=1 in the environment
    [pid=35160][out] 
    [pid=35160][out] Juggler listening to the pipe
    [pid=35160][out] Crash Annotation GraphicsCriticalError: |[0][GFX1-]: RenderCompositorSWGL failed mapping default framebuffer, no dt (t=42.5379) [GFX1-]: RenderCompositorSWGL failed mapping default framebuffer, no dt
    [pid=35160][err] JavaScript error: chrome://juggler/content/Helper.js, line 82: NS_ERROR_FAILURE: Component returned failure code: 0x80004005 (NS_ERROR_FAILURE) [nsIWebProgress.removeProgressListener]
    [pid=35160][out] console.error: services.settings: 
    [pid=35160][out]   Message: EmptyDatabaseError: "main/nimbus-desktop-experiments" has not been synced yet
    [pid=35160][out]   Stack:
    [pid=35160][out]     EmptyDatabaseError@resource://services-settings/Database.sys.mjs:19:5
    [pid=35160][out] list@resource://services-settings/Database.sys.mjs:96:13
    [pid=35160][out] 
    [pid=35160][out] console.error: services.settings: 
    [pid=35160][out]   Message: EmptyDatabaseError: "main/nimbus-secure-experiments" has not been synced yet
    [pid=35160][out]   Stack:
    [pid=35160][out]     EmptyDatabaseError@resource://services-settings/Database.sys.mjs:19:5
    [pid=35160][out] list@resource://services-settings/Database.sys.mjs:96:13
    [pid=35160][out] 
    [pid=35160][out] console.warn: services.settings: #fetchAttachment: Forcing fallbackToDump to false due to Utils.LOAD_DUMPS being false
    [pid=35160][out] console.error: (new NotFoundError("Could not find fa0fc42c-d91d-fca7-34eb-806ff46062dc in cache or dump", "resource://services-settings/Attachments.sys.mjs", 48))
    [pid=35160][out] console.warn: "Unable to find the attachment for" "fa0fc42c-d91d-fca7-34eb-806ff46062dc"
    [pid=35160][out] console.error: [Exception... "Component returned failure code: 0x80070057 (NS_ERROR_ILLEGAL_VALUE) [nsIWinTaskbar.getTaskbarProgress]"  nsresult: "0x80070057 (NS_ERROR_ILLEGAL_VALUE)"  location: "JS frame :: resource:///modules/DownloadsTaskbar.sys.mjs :: _attachIndicator :: line 127"  data: no]
    [pid=35160][err] JavaScript error: resource://gre/actors/PictureInPictureChild.sys.mjs, line 378: TypeError: can't access dead object

    Error: expect(locator).toBeVisible() failed

    Locator:  locator('button:has-text("Continue with Google as Client")')
    Expected: visible
    Received: undefined

    Call log:
      - Expect "toBeVisible" with timeout 5000ms
      - waiting for locator('button:has-text("Continue with Google as Client")')


      45 |       // Check if client Google OAuth button exists
      46 |       const clientButton = page.locator('button:has-text("Continue with Google as Client")');
    > 47 |       await expect(clientButton).toBeVisible();
         |                                  ^
      48 |       
      49 |       // Check if practitioner button also exists
      50 |       const practitionerButton = page.locator('button:has-text("Continue with Google as Practitioner")');
        at C:\Users\rayma\Desktop\New folder\peer-care-connect\tests\oauth-flows.spec.js:47:34
]]>
</failure>
</testcase>
<testcase name="Google OAuth Flows › Client OAuth Flow › should set intendedRole to client when clicking client button on login" classname="oauth-flows.spec.js" time="43.775">
<failure message="oauth-flows.spec.js:54:5 should set intendedRole to client when clicking client button on login" type="FAILURE">
<![CDATA[  [firefox] › oauth-flows.spec.js:54:5 › Google OAuth Flows › Client OAuth Flow › should set intendedRole to client when clicking client button on login 

    Test timeout of 30000ms exceeded.

    Error: browserContext.close: Test timeout of 30000ms exceeded.
    Browser logs:

    <launching> C:\Users\rayma\AppData\Local\ms-playwright\firefox-1490\firefox\firefox.exe -no-remote -headless -profile C:\Users\rayma\AppData\Local\Temp\playwright_firefoxdev_profile-ECH17n -juggler-pipe -silent
    <launched> pid=40340
    [pid=40340][err] *** You are running in headless mode.
    [pid=40340][err] JavaScript warning: resource://services-settings/Utils.sys.mjs, line 116: unreachable code after return statement
    [pid=40340][out] console.warn: services.settings: Ignoring preference override of remote settings server
    [pid=40340][out] console.warn: services.settings: Allow by setting MOZ_REMOTE_SETTINGS_DEVTOOLS=1 in the environment
    [pid=40340][out] 
    [pid=40340][out] Juggler listening to the pipe
    [pid=40340][out] Crash Annotation GraphicsCriticalError: |[0][GFX1-]: RenderCompositorSWGL failed mapping default framebuffer, no dt (t=35.5123) [GFX1-]: RenderCompositorSWGL failed mapping default framebuffer, no dt
    [pid=40340][err] JavaScript error: chrome://juggler/content/Helper.js, line 82: NS_ERROR_FAILURE: Component returned failure code: 0x80004005 (NS_ERROR_FAILURE) [nsIWebProgress.removeProgressListener]
    [pid=40340][out] console.error: services.settings: 
    [pid=40340][out]   Message: EmptyDatabaseError: "main/nimbus-desktop-experiments" has not been synced yet
    [pid=40340][out]   Stack:
    [pid=40340][out]     EmptyDatabaseError@resource://services-settings/Database.sys.mjs:19:5
    [pid=40340][out] list@resource://services-settings/Database.sys.mjs:96:13
    [pid=40340][out] 
    [pid=40340][out] console.error: services.settings: 
    [pid=40340][out]   Message: EmptyDatabaseError: "main/nimbus-secure-experiments" has not been synced yet
    [pid=40340][out]   Stack:
    [pid=40340][out]     EmptyDatabaseError@resource://services-settings/Database.sys.mjs:19:5
    [pid=40340][out] list@resource://services-settings/Database.sys.mjs:96:13
    [pid=40340][out] 
    [pid=40340][out] console.warn: services.settings: #fetchAttachment: Forcing fallbackToDump to false due to Utils.LOAD_DUMPS being false
    [pid=40340][out] console.error: (new NotFoundError("Could not find fa0fc42c-d91d-fca7-34eb-806ff46062dc in cache or dump", "resource://services-settings/Attachments.sys.mjs", 48))
    [pid=40340][out] console.warn: "Unable to find the attachment for" "fa0fc42c-d91d-fca7-34eb-806ff46062dc"
    [pid=40340][out] console.error: [Exception... "Component returned failure code: 0x80070057 (NS_ERROR_ILLEGAL_VALUE) [nsIWinTaskbar.getTaskbarProgress]"  nsresult: "0x80070057 (NS_ERROR_ILLEGAL_VALUE)"  location: "JS frame :: resource:///modules/DownloadsTaskbar.sys.mjs :: _attachIndicator :: line 127"  data: no]
    [pid=40340][err] JavaScript error: resource://gre/actors/PictureInPictureChild.sys.mjs, line 378: TypeError: can't access dead object

    Error: page.goto: Test timeout of 30000ms exceeded.
    Call log:
      - navigating to "https://theramate-l3h8xe50o-theras-projects-6dfd5a34.vercel.app/login", waiting until "load"


      53 |
      54 |     test('should set intendedRole to client when clicking client button on login', async ({ page }) => {
    > 55 |       await page.goto('/login');
         |                  ^
      56 |       
      57 |       // Click the client Google OAuth button
      58 |       const clientButton = page.locator('button:has-text("Continue with Google as Client")');
        at C:\Users\rayma\Desktop\New folder\peer-care-connect\tests\oauth-flows.spec.js:55:18
]]>
</failure>
</testcase>
<testcase name="Google OAuth Flows › Practitioner OAuth Flow › should display practitioner Google OAuth button on register page" classname="oauth-flows.spec.js" time="41.195">
<failure message="oauth-flows.spec.js:71:5 should display practitioner Google OAuth button on register page" type="FAILURE">
<![CDATA[  [firefox] › oauth-flows.spec.js:71:5 › Google OAuth Flows › Practitioner OAuth Flow › should display practitioner Google OAuth button on register page 

    Test timeout of 30000ms exceeded while running "beforeEach" hook.

      3 | test.describe('Google OAuth Flows', () => {
      4 |   
    > 5 |   test.beforeEach(async ({ page }) => {
        |        ^
      6 |     // Clear session storage before each test
      7 |     await page.goto('/');
      8 |     await page.evaluate(() => {
        at C:\Users\rayma\Desktop\New folder\peer-care-connect\tests\oauth-flows.spec.js:5:8

    Error: browserContext.close: Test timeout of 30000ms exceeded.
    Browser logs:

    <launching> C:\Users\rayma\AppData\Local\ms-playwright\firefox-1490\firefox\firefox.exe -no-remote -headless -profile C:\Users\rayma\AppData\Local\Temp\playwright_firefoxdev_profile-jzPbLp -juggler-pipe -silent
    <launched> pid=39060
    [pid=39060][err] *** You are running in headless mode.
    [pid=39060][err] JavaScript warning: resource://services-settings/Utils.sys.mjs, line 116: unreachable code after return statement
    [pid=39060][out] console.warn: services.settings: Ignoring preference override of remote settings server
    [pid=39060][out] console.warn: services.settings: Allow by setting MOZ_REMOTE_SETTINGS_DEVTOOLS=1 in the environment
    [pid=39060][out] 
    [pid=39060][out] Juggler listening to the pipe
    [pid=39060][out] Crash Annotation GraphicsCriticalError: |[0][GFX1-]: RenderCompositorSWGL failed mapping default framebuffer, no dt (t=62.3778) [GFX1-]: RenderCompositorSWGL failed mapping default framebuffer, no dt
    [pid=39060][err] JavaScript error: chrome://juggler/content/Helper.js, line 82: NS_ERROR_FAILURE: Component returned failure code: 0x80004005 (NS_ERROR_FAILURE) [nsIWebProgress.removeProgressListener]
    [pid=39060][out] console.error: services.settings: 
    [pid=39060][out]   Message: EmptyDatabaseError: "main/nimbus-desktop-experiments" has not been synced yet
    [pid=39060][out]   Stack:
    [pid=39060][out]     EmptyDatabaseError@resource://services-settings/Database.sys.mjs:19:5
    [pid=39060][out] list@resource://services-settings/Database.sys.mjs:96:13
    [pid=39060][out] 
    [pid=39060][out] console.error: services.settings: 
    [pid=39060][out]   Message: EmptyDatabaseError: "main/nimbus-secure-experiments" has not been synced yet
    [pid=39060][out]   Stack:
    [pid=39060][out]     EmptyDatabaseError@resource://services-settings/Database.sys.mjs:19:5
    [pid=39060][out] list@resource://services-settings/Database.sys.mjs:96:13
    [pid=39060][out] 
    [pid=39060][out] console.warn: services.settings: #fetchAttachment: Forcing fallbackToDump to false due to Utils.LOAD_DUMPS being false
    [pid=39060][out] console.error: (new NotFoundError("Could not find fa0fc42c-d91d-fca7-34eb-806ff46062dc in cache or dump", "resource://services-settings/Attachments.sys.mjs", 48))
    [pid=39060][out] console.warn: "Unable to find the attachment for" "fa0fc42c-d91d-fca7-34eb-806ff46062dc"
    [pid=39060][out] console.error: [Exception... "Component returned failure code: 0x80070057 (NS_ERROR_ILLEGAL_VALUE) [nsIWinTaskbar.getTaskbarProgress]"  nsresult: "0x80070057 (NS_ERROR_ILLEGAL_VALUE)"  location: "JS frame :: resource:///modules/DownloadsTaskbar.sys.mjs :: _attachIndicator :: line 127"  data: no]

    Error: page.goto: Test timeout of 30000ms exceeded.
    Call log:
      - navigating to "https://theramate-l3h8xe50o-theras-projects-6dfd5a34.vercel.app/", waiting until "load"


       5 |   test.beforeEach(async ({ page }) => {
       6 |     // Clear session storage before each test
    >  7 |     await page.goto('/');
         |                ^
       8 |     await page.evaluate(() => {
       9 |       sessionStorage.clear();
      10 |       localStorage.clear();
        at C:\Users\rayma\Desktop\New folder\peer-care-connect\tests\oauth-flows.spec.js:7:16
]]>
</failure>
</testcase>
<testcase name="Google OAuth Flows › Practitioner OAuth Flow › should set intendedRole to practitioner when clicking practitioner button" classname="oauth-flows.spec.js" time="40.554">
<failure message="oauth-flows.spec.js:79:5 should set intendedRole to practitioner when clicking practitioner button" type="FAILURE">
<![CDATA[  [firefox] › oauth-flows.spec.js:79:5 › Google OAuth Flows › Practitioner OAuth Flow › should set intendedRole to practitioner when clicking practitioner button 

    Test timeout of 30000ms exceeded while running "beforeEach" hook.

      3 | test.describe('Google OAuth Flows', () => {
      4 |   
    > 5 |   test.beforeEach(async ({ page }) => {
        |        ^
      6 |     // Clear session storage before each test
      7 |     await page.goto('/');
      8 |     await page.evaluate(() => {
        at C:\Users\rayma\Desktop\New folder\peer-care-connect\tests\oauth-flows.spec.js:5:8

    Error: browserContext.close: Test timeout of 30000ms exceeded.
    Browser logs:

    <launching> C:\Users\rayma\AppData\Local\ms-playwright\firefox-1490\firefox\firefox.exe -no-remote -headless -profile C:\Users\rayma\AppData\Local\Temp\playwright_firefoxdev_profile-HOBJtZ -juggler-pipe -silent
    <launched> pid=34796
    [pid=34796][err] *** You are running in headless mode.
    [pid=34796][err] JavaScript warning: resource://services-settings/Utils.sys.mjs, line 116: unreachable code after return statement
    [pid=34796][out] console.warn: services.settings: Ignoring preference override of remote settings server
    [pid=34796][out] console.warn: services.settings: Allow by setting MOZ_REMOTE_SETTINGS_DEVTOOLS=1 in the environment
    [pid=34796][out] 
    [pid=34796][out] Juggler listening to the pipe
    [pid=34796][out] Crash Annotation GraphicsCriticalError: |[0][GFX1-]: RenderCompositorSWGL failed mapping default framebuffer, no dt (t=69.2626) [GFX1-]: RenderCompositorSWGL failed mapping default framebuffer, no dt
    [pid=34796][err] JavaScript error: chrome://juggler/content/Helper.js, line 82: NS_ERROR_FAILURE: Component returned failure code: 0x80004005 (NS_ERROR_FAILURE) [nsIWebProgress.removeProgressListener]
    [pid=34796][out] console.error: services.settings: 
    [pid=34796][out]   Message: EmptyDatabaseError: "main/nimbus-desktop-experiments" has not been synced yet
    [pid=34796][out]   Stack:
    [pid=34796][out]     EmptyDatabaseError@resource://services-settings/Database.sys.mjs:19:5
    [pid=34796][out] list@resource://services-settings/Database.sys.mjs:96:13
    [pid=34796][out] 
    [pid=34796][out] console.error: services.settings: 
    [pid=34796][out]   Message: EmptyDatabaseError: "main/nimbus-secure-experiments" has not been synced yet
    [pid=34796][out]   Stack:
    [pid=34796][out]     EmptyDatabaseError@resource://services-settings/Database.sys.mjs:19:5
    [pid=34796][out] list@resource://services-settings/Database.sys.mjs:96:13
    [pid=34796][out] 
    [pid=34796][out] console.error: [Exception... "Component returned failure code: 0x80070057 (NS_ERROR_ILLEGAL_VALUE) [nsIWinTaskbar.getTaskbarProgress]"  nsresult: "0x80070057 (NS_ERROR_ILLEGAL_VALUE)"  location: "JS frame :: resource:///modules/DownloadsTaskbar.sys.mjs :: _attachIndicator :: line 127"  data: no]
    [pid=34796][out] console.warn: services.settings: #fetchAttachment: Forcing fallbackToDump to false due to Utils.LOAD_DUMPS being false
    [pid=34796][out] console.error: (new NotFoundError("Could not find fa0fc42c-d91d-fca7-34eb-806ff46062dc in cache or dump", "resource://services-settings/Attachments.sys.mjs", 48))
    [pid=34796][out] console.warn: "Unable to find the attachment for" "fa0fc42c-d91d-fca7-34eb-806ff46062dc"

    Error: page.goto: Test timeout of 30000ms exceeded.
    Call log:
      - navigating to "https://theramate-l3h8xe50o-theras-projects-6dfd5a34.vercel.app/", waiting until "load"


       5 |   test.beforeEach(async ({ page }) => {
       6 |     // Clear session storage before each test
    >  7 |     await page.goto('/');
         |                ^
       8 |     await page.evaluate(() => {
       9 |       sessionStorage.clear();
      10 |       localStorage.clear();
        at C:\Users\rayma\Desktop\New folder\peer-care-connect\tests\oauth-flows.spec.js:7:16
]]>
</failure>
</testcase>
<testcase name="Google OAuth Flows › Practitioner OAuth Flow › should display practitioner Google OAuth button on login page" classname="oauth-flows.spec.js" time="41.992">
<failure message="oauth-flows.spec.js:94:5 should display practitioner Google OAuth button on login page" type="FAILURE">
<![CDATA[  [firefox] › oauth-flows.spec.js:94:5 › Google OAuth Flows › Practitioner OAuth Flow › should display practitioner Google OAuth button on login page 

    Test timeout of 30000ms exceeded while running "beforeEach" hook.

      3 | test.describe('Google OAuth Flows', () => {
      4 |   
    > 5 |   test.beforeEach(async ({ page }) => {
        |        ^
      6 |     // Clear session storage before each test
      7 |     await page.goto('/');
      8 |     await page.evaluate(() => {
        at C:\Users\rayma\Desktop\New folder\peer-care-connect\tests\oauth-flows.spec.js:5:8

    Error: browserContext.close: Test timeout of 30000ms exceeded.
    Browser logs:

    <launching> C:\Users\rayma\AppData\Local\ms-playwright\firefox-1490\firefox\firefox.exe -no-remote -headless -profile C:\Users\rayma\AppData\Local\Temp\playwright_firefoxdev_profile-BTEiVC -juggler-pipe -silent
    <launched> pid=35592
    [pid=35592][err] *** You are running in headless mode.
    [pid=35592][err] JavaScript warning: resource://services-settings/Utils.sys.mjs, line 116: unreachable code after return statement
    [pid=35592][out] console.warn: services.settings: Ignoring preference override of remote settings server
    [pid=35592][out] console.warn: services.settings: Allow by setting MOZ_REMOTE_SETTINGS_DEVTOOLS=1 in the environment
    [pid=35592][out] 
    [pid=35592][out] Juggler listening to the pipe
    [pid=35592][out] Crash Annotation GraphicsCriticalError: |[0][GFX1-]: RenderCompositorSWGL failed mapping default framebuffer, no dt (t=53.9482) [GFX1-]: RenderCompositorSWGL failed mapping default framebuffer, no dt
    [pid=35592][err] JavaScript error: chrome://juggler/content/Helper.js, line 82: NS_ERROR_FAILURE: Component returned failure code: 0x80004005 (NS_ERROR_FAILURE) [nsIWebProgress.removeProgressListener]
    [pid=35592][out] console.error: services.settings: 
    [pid=35592][out]   Message: EmptyDatabaseError: "main/nimbus-desktop-experiments" has not been synced yet
    [pid=35592][out]   Stack:
    [pid=35592][out]     EmptyDatabaseError@resource://services-settings/Database.sys.mjs:19:5
    [pid=35592][out] list@resource://services-settings/Database.sys.mjs:96:13
    [pid=35592][out] 
    [pid=35592][out] console.error: services.settings: 
    [pid=35592][out]   Message: EmptyDatabaseError: "main/nimbus-secure-experiments" has not been synced yet
    [pid=35592][out]   Stack:
    [pid=35592][out]     EmptyDatabaseError@resource://services-settings/Database.sys.mjs:19:5
    [pid=35592][out] list@resource://services-settings/Database.sys.mjs:96:13
    [pid=35592][out] 
    [pid=35592][out] console.warn: services.settings: #fetchAttachment: Forcing fallbackToDump to false due to Utils.LOAD_DUMPS being false
    [pid=35592][out] console.error: (new NotFoundError("Could not find fa0fc42c-d91d-fca7-34eb-806ff46062dc in cache or dump", "resource://services-settings/Attachments.sys.mjs", 48))
    [pid=35592][out] console.warn: "Unable to find the attachment for" "fa0fc42c-d91d-fca7-34eb-806ff46062dc"
    [pid=35592][out] console.error: [Exception... "Component returned failure code: 0x80070057 (NS_ERROR_ILLEGAL_VALUE) [nsIWinTaskbar.getTaskbarProgress]"  nsresult: "0x80070057 (NS_ERROR_ILLEGAL_VALUE)"  location: "JS frame :: resource:///modules/DownloadsTaskbar.sys.mjs :: _attachIndicator :: line 127"  data: no]

    Error: page.goto: Test timeout of 30000ms exceeded.
    Call log:
      - navigating to "https://theramate-l3h8xe50o-theras-projects-6dfd5a34.vercel.app/", waiting until "load"


       5 |   test.beforeEach(async ({ page }) => {
       6 |     // Clear session storage before each test
    >  7 |     await page.goto('/');
         |                ^
       8 |     await page.evaluate(() => {
       9 |       sessionStorage.clear();
      10 |       localStorage.clear();
        at C:\Users\rayma\Desktop\New folder\peer-care-connect\tests\oauth-flows.spec.js:7:16
]]>
</failure>
</testcase>
<testcase name="Google OAuth Flows › Practitioner OAuth Flow › should set intendedRole to practitioner when clicking practitioner button on login" classname="oauth-flows.spec.js" time="39.516">
<failure message="oauth-flows.spec.js:102:5 should set intendedRole to practitioner when clicking practitioner button on login" type="FAILURE">
<![CDATA[  [firefox] › oauth-flows.spec.js:102:5 › Google OAuth Flows › Practitioner OAuth Flow › should set intendedRole to practitioner when clicking practitioner button on login 

    Test timeout of 30000ms exceeded while running "beforeEach" hook.

      3 | test.describe('Google OAuth Flows', () => {
      4 |   
    > 5 |   test.beforeEach(async ({ page }) => {
        |        ^
      6 |     // Clear session storage before each test
      7 |     await page.goto('/');
      8 |     await page.evaluate(() => {
        at C:\Users\rayma\Desktop\New folder\peer-care-connect\tests\oauth-flows.spec.js:5:8

    Error: page.goto: Target page, context or browser has been closed
    Call log:
      - navigating to "https://theramate-l3h8xe50o-theras-projects-6dfd5a34.vercel.app/", waiting until "load"


       5 |   test.beforeEach(async ({ page }) => {
       6 |     // Clear session storage before each test
    >  7 |     await page.goto('/');
         |                ^
       8 |     await page.evaluate(() => {
       9 |       sessionStorage.clear();
      10 |       localStorage.clear();
        at C:\Users\rayma\Desktop\New folder\peer-care-connect\tests\oauth-flows.spec.js:7:16

    Error: browserContext.close: Target page, context or browser has been closed
]]>
</failure>
</testcase>
<testcase name="Google OAuth Flows › Role Selection Page › should display role selection options for practitioners" classname="oauth-flows.spec.js" time="42.602">
<failure message="oauth-flows.spec.js:119:5 should display role selection options for practitioners" type="FAILURE">
<![CDATA[  [firefox] › oauth-flows.spec.js:119:5 › Google OAuth Flows › Role Selection Page › should display role selection options for practitioners 

    Test timeout of 30000ms exceeded while running "beforeEach" hook.

      3 | test.describe('Google OAuth Flows', () => {
      4 |   
    > 5 |   test.beforeEach(async ({ page }) => {
        |        ^
      6 |     // Clear session storage before each test
      7 |     await page.goto('/');
      8 |     await page.evaluate(() => {
        at C:\Users\rayma\Desktop\New folder\peer-care-connect\tests\oauth-flows.spec.js:5:8

    Error: browserContext.close: Test timeout of 30000ms exceeded.
    Browser logs:

    <launching> C:\Users\rayma\AppData\Local\ms-playwright\firefox-1490\firefox\firefox.exe -no-remote -headless -profile C:\Users\rayma\AppData\Local\Temp\playwright_firefoxdev_profile-qNG8gR -juggler-pipe -silent
    <launched> pid=36524
    [pid=36524][err] *** You are running in headless mode.
    [pid=36524][err] JavaScript warning: resource://services-settings/Utils.sys.mjs, line 116: unreachable code after return statement
    [pid=36524][out] console.warn: services.settings: Ignoring preference override of remote settings server
    [pid=36524][out] console.warn: services.settings: Allow by setting MOZ_REMOTE_SETTINGS_DEVTOOLS=1 in the environment
    [pid=36524][out] 
    [pid=36524][out] Juggler listening to the pipe
    [pid=36524][out] Crash Annotation GraphicsCriticalError: |[0][GFX1-]: RenderCompositorSWGL failed mapping default framebuffer, no dt (t=47.3825) [GFX1-]: RenderCompositorSWGL failed mapping default framebuffer, no dt
    [pid=36524][err] JavaScript error: chrome://juggler/content/Helper.js, line 82: NS_ERROR_FAILURE: Component returned failure code: 0x80004005 (NS_ERROR_FAILURE) [nsIWebProgress.removeProgressListener]
    [pid=36524][out] console.error: services.settings: 
    [pid=36524][out]   Message: EmptyDatabaseError: "main/nimbus-desktop-experiments" has not been synced yet
    [pid=36524][out]   Stack:
    [pid=36524][out]     EmptyDatabaseError@resource://services-settings/Database.sys.mjs:19:5
    [pid=36524][out] list@resource://services-settings/Database.sys.mjs:96:13
    [pid=36524][out] 
    [pid=36524][out] console.error: services.settings: 
    [pid=36524][out]   Message: EmptyDatabaseError: "main/nimbus-secure-experiments" has not been synced yet
    [pid=36524][out]   Stack:
    [pid=36524][out]     EmptyDatabaseError@resource://services-settings/Database.sys.mjs:19:5
    [pid=36524][out] list@resource://services-settings/Database.sys.mjs:96:13
    [pid=36524][out] 
    [pid=36524][out] console.warn: services.settings: #fetchAttachment: Forcing fallbackToDump to false due to Utils.LOAD_DUMPS being false
    [pid=36524][out] console.error: (new NotFoundError("Could not find fa0fc42c-d91d-fca7-34eb-806ff46062dc in cache or dump", "resource://services-settings/Attachments.sys.mjs", 48))
    [pid=36524][out] console.warn: "Unable to find the attachment for" "fa0fc42c-d91d-fca7-34eb-806ff46062dc"
    [pid=36524][out] console.error: [Exception... "Component returned failure code: 0x80070057 (NS_ERROR_ILLEGAL_VALUE) [nsIWinTaskbar.getTaskbarProgress]"  nsresult: "0x80070057 (NS_ERROR_ILLEGAL_VALUE)"  location: "JS frame :: resource:///modules/DownloadsTaskbar.sys.mjs :: _attachIndicator :: line 127"  data: no]

    Error: page.goto: Test timeout of 30000ms exceeded.
    Call log:
      - navigating to "https://theramate-l3h8xe50o-theras-projects-6dfd5a34.vercel.app/", waiting until "load"


       5 |   test.beforeEach(async ({ page }) => {
       6 |     // Clear session storage before each test
    >  7 |     await page.goto('/');
         |                ^
       8 |     await page.evaluate(() => {
       9 |       sessionStorage.clear();
      10 |       localStorage.clear();
        at C:\Users\rayma\Desktop\New folder\peer-care-connect\tests\oauth-flows.spec.js:7:16
]]>
</failure>
</testcase>
<testcase name="Google OAuth Flows › Role Selection Page › should allow selecting osteopath role" classname="oauth-flows.spec.js" time="34.939">
<failure message="oauth-flows.spec.js:134:5 should allow selecting osteopath role" type="FAILURE">
<![CDATA[  [firefox] › oauth-flows.spec.js:134:5 › Google OAuth Flows › Role Selection Page › should allow selecting osteopath role 

    Test timeout of 30000ms exceeded while running "beforeEach" hook.

      3 | test.describe('Google OAuth Flows', () => {
      4 |   
    > 5 |   test.beforeEach(async ({ page }) => {
        |        ^
      6 |     // Clear session storage before each test
      7 |     await page.goto('/');
      8 |     await page.evaluate(() => {
        at C:\Users\rayma\Desktop\New folder\peer-care-connect\tests\oauth-flows.spec.js:5:8

    Error: page.goto: Target page, context or browser has been closed
    Call log:
      - navigating to "https://theramate-l3h8xe50o-theras-projects-6dfd5a34.vercel.app/", waiting until "load"


       5 |   test.beforeEach(async ({ page }) => {
       6 |     // Clear session storage before each test
    >  7 |     await page.goto('/');
         |                ^
       8 |     await page.evaluate(() => {
       9 |       sessionStorage.clear();
      10 |       localStorage.clear();
        at C:\Users\rayma\Desktop\New folder\peer-care-connect\tests\oauth-flows.spec.js:7:16
]]>
</failure>
</testcase>
<testcase name="Google OAuth Flows › Role Selection Page › should allow selecting sports therapist role" classname="oauth-flows.spec.js" time="34.833">
<failure message="oauth-flows.spec.js:145:5 should allow selecting sports therapist role" type="FAILURE">
<![CDATA[  [firefox] › oauth-flows.spec.js:145:5 › Google OAuth Flows › Role Selection Page › should allow selecting sports therapist role 

    Test timeout of 30000ms exceeded while running "beforeEach" hook.

      3 | test.describe('Google OAuth Flows', () => {
      4 |   
    > 5 |   test.beforeEach(async ({ page }) => {
        |        ^
      6 |     // Clear session storage before each test
      7 |     await page.goto('/');
      8 |     await page.evaluate(() => {
        at C:\Users\rayma\Desktop\New folder\peer-care-connect\tests\oauth-flows.spec.js:5:8

    Error: page.goto: Target page, context or browser has been closed
    Call log:
      - navigating to "https://theramate-l3h8xe50o-theras-projects-6dfd5a34.vercel.app/", waiting until "load"


       5 |   test.beforeEach(async ({ page }) => {
       6 |     // Clear session storage before each test
    >  7 |     await page.goto('/');
         |                ^
       8 |     await page.evaluate(() => {
       9 |       sessionStorage.clear();
      10 |       localStorage.clear();
        at C:\Users\rayma\Desktop\New folder\peer-care-connect\tests\oauth-flows.spec.js:7:16
]]>
</failure>
</testcase>
<testcase name="Google OAuth Flows › Role Selection Page › should allow selecting massage therapist role" classname="oauth-flows.spec.js" time="44.179">
<failure message="oauth-flows.spec.js:156:5 should allow selecting massage therapist role" type="FAILURE">
<![CDATA[  [firefox] › oauth-flows.spec.js:156:5 › Google OAuth Flows › Role Selection Page › should allow selecting massage therapist role 

    Test timeout of 30000ms exceeded.

    Error: browserContext.close: Test timeout of 30000ms exceeded.
    Browser logs:

    <launching> C:\Users\rayma\AppData\Local\ms-playwright\firefox-1490\firefox\firefox.exe -no-remote -headless -profile C:\Users\rayma\AppData\Local\Temp\playwright_firefoxdev_profile-xHY8je -juggler-pipe -silent
    <launched> pid=38292
    [pid=38292][err] *** You are running in headless mode.
    [pid=38292][err] JavaScript warning: resource://services-settings/Utils.sys.mjs, line 116: unreachable code after return statement
    [pid=38292][out] console.warn: services.settings: Ignoring preference override of remote settings server
    [pid=38292][out] console.warn: services.settings: Allow by setting MOZ_REMOTE_SETTINGS_DEVTOOLS=1 in the environment
    [pid=38292][out] 
    [pid=38292][out] Juggler listening to the pipe
    [pid=38292][out] Crash Annotation GraphicsCriticalError: |[0][GFX1-]: RenderCompositorSWGL failed mapping default framebuffer, no dt (t=31.4476) [GFX1-]: RenderCompositorSWGL failed mapping default framebuffer, no dt
    [pid=38292][err] JavaScript error: chrome://juggler/content/Helper.js, line 82: NS_ERROR_FAILURE: Component returned failure code: 0x80004005 (NS_ERROR_FAILURE) [nsIWebProgress.removeProgressListener]
    [pid=38292][out] console.error: services.settings: 
    [pid=38292][out]   Message: EmptyDatabaseError: "main/nimbus-desktop-experiments" has not been synced yet
    [pid=38292][out]   Stack:
    [pid=38292][out]     EmptyDatabaseError@resource://services-settings/Database.sys.mjs:19:5
    [pid=38292][out] list@resource://services-settings/Database.sys.mjs:96:13
    [pid=38292][out] 
    [pid=38292][out] console.error: services.settings: 
    [pid=38292][out]   Message: EmptyDatabaseError: "main/nimbus-secure-experiments" has not been synced yet
    [pid=38292][out]   Stack:
    [pid=38292][out]     EmptyDatabaseError@resource://services-settings/Database.sys.mjs:19:5
    [pid=38292][out] list@resource://services-settings/Database.sys.mjs:96:13
    [pid=38292][out] 
    [pid=38292][out] console.warn: services.settings: #fetchAttachment: Forcing fallbackToDump to false due to Utils.LOAD_DUMPS being false
    [pid=38292][out] console.error: (new NotFoundError("Could not find fa0fc42c-d91d-fca7-34eb-806ff46062dc in cache or dump", "resource://services-settings/Attachments.sys.mjs", 48))
    [pid=38292][out] console.warn: "Unable to find the attachment for" "fa0fc42c-d91d-fca7-34eb-806ff46062dc"
    [pid=38292][out] console.error: [Exception... "Component returned failure code: 0x80070057 (NS_ERROR_ILLEGAL_VALUE) [nsIWinTaskbar.getTaskbarProgress]"  nsresult: "0x80070057 (NS_ERROR_ILLEGAL_VALUE)"  location: "JS frame :: resource:///modules/DownloadsTaskbar.sys.mjs :: _attachIndicator :: line 127"  data: no]
    [pid=38292][err] Exiting due to channel error.
    [pid=38292] <process did exit: exitCode=3221225786, signal=null>
    [pid=38292] starting temporary directories cleanup

    Error: locator.check: Test timeout of 30000ms exceeded.
    Call log:
      - waiting for locator('input[value="massage_therapist"]')


      159 |       // Select massage therapist role
      160 |       const massageTherapistOption = page.locator('input[value="massage_therapist"]');
    > 161 |       await massageTherapistOption.check();
          |                                    ^
      162 |       
      163 |       // Verify selection
      164 |       await expect(massageTherapistOption).toBeChecked();
        at C:\Users\rayma\Desktop\New folder\peer-care-connect\tests\oauth-flows.spec.js:161:36
]]>
</failure>
</testcase>
<testcase name="Google OAuth Flows › Role Selection Page › should allow selecting client role" classname="oauth-flows.spec.js" time="0">
<skipped>
</skipped>
</testcase>
<testcase name="Google OAuth Flows › Navigation and Routing › should navigate to register page" classname="oauth-flows.spec.js" time="0">
<skipped>
</skipped>
</testcase>
<testcase name="Google OAuth Flows › Navigation and Routing › should navigate to login page" classname="oauth-flows.spec.js" time="0">
<skipped>
</skipped>
</testcase>
<testcase name="Google OAuth Flows › Navigation and Routing › should navigate to role selection page" classname="oauth-flows.spec.js" time="0">
<skipped>
</skipped>
</testcase>
<testcase name="Google OAuth Flows › Navigation and Routing › should navigate to onboarding page" classname="oauth-flows.spec.js" time="0">
<skipped>
</skipped>
</testcase>
<testcase name="Google OAuth Flows › Error Handling › should handle missing session storage gracefully" classname="oauth-flows.spec.js" time="0">
<skipped>
</skipped>
</testcase>
<testcase name="Google OAuth Flows › Error Handling › should display error messages for failed operations" classname="oauth-flows.spec.js" time="0">
<skipped>
</skipped>
</testcase>
<testcase name="Google OAuth Flows › Mobile Responsiveness › should display OAuth buttons correctly on mobile" classname="oauth-flows.spec.js" time="0">
<skipped>
</skipped>
</testcase>
<testcase name="Google OAuth Flows › Mobile Responsiveness › should display role selection correctly on mobile" classname="oauth-flows.spec.js" time="0">
<skipped>
</skipped>
</testcase>
</testsuite>
<testsuite name="oauth-flows.spec.js" timestamp="2025-09-24T11:42:50.485Z" hostname="webkit" tests="21" failures="0" skipped="21" time="0" errors="0">
<testcase name="Google OAuth Flows › Client OAuth Flow › should display client Google OAuth button on register page" classname="oauth-flows.spec.js" time="0">
<skipped>
</skipped>
</testcase>
<testcase name="Google OAuth Flows › Client OAuth Flow › should set intendedRole to client when clicking client button" classname="oauth-flows.spec.js" time="0">
<skipped>
</skipped>
</testcase>
<testcase name="Google OAuth Flows › Client OAuth Flow › should display client Google OAuth button on login page" classname="oauth-flows.spec.js" time="0">
<skipped>
</skipped>
</testcase>
<testcase name="Google OAuth Flows › Client OAuth Flow › should set intendedRole to client when clicking client button on login" classname="oauth-flows.spec.js" time="0">
<skipped>
</skipped>
</testcase>
<testcase name="Google OAuth Flows › Practitioner OAuth Flow › should display practitioner Google OAuth button on register page" classname="oauth-flows.spec.js" time="0">
<skipped>
</skipped>
</testcase>
<testcase name="Google OAuth Flows › Practitioner OAuth Flow › should set intendedRole to practitioner when clicking practitioner button" classname="oauth-flows.spec.js" time="0">
<skipped>
</skipped>
</testcase>
<testcase name="Google OAuth Flows › Practitioner OAuth Flow › should display practitioner Google OAuth button on login page" classname="oauth-flows.spec.js" time="0">
<skipped>
</skipped>
</testcase>
<testcase name="Google OAuth Flows › Practitioner OAuth Flow › should set intendedRole to practitioner when clicking practitioner button on login" classname="oauth-flows.spec.js" time="0">
<skipped>
</skipped>
</testcase>
<testcase name="Google OAuth Flows › Role Selection Page › should display role selection options for practitioners" classname="oauth-flows.spec.js" time="0">
<skipped>
</skipped>
</testcase>
<testcase name="Google OAuth Flows › Role Selection Page › should allow selecting osteopath role" classname="oauth-flows.spec.js" time="0">
<skipped>
</skipped>
</testcase>
<testcase name="Google OAuth Flows › Role Selection Page › should allow selecting sports therapist role" classname="oauth-flows.spec.js" time="0">
<skipped>
</skipped>
</testcase>
<testcase name="Google OAuth Flows › Role Selection Page › should allow selecting massage therapist role" classname="oauth-flows.spec.js" time="0">
<skipped>
</skipped>
</testcase>
<testcase name="Google OAuth Flows › Role Selection Page › should allow selecting client role" classname="oauth-flows.spec.js" time="0">
<skipped>
</skipped>
</testcase>
<testcase name="Google OAuth Flows › Navigation and Routing › should navigate to register page" classname="oauth-flows.spec.js" time="0">
<skipped>
</skipped>
</testcase>
<testcase name="Google OAuth Flows › Navigation and Routing › should navigate to login page" classname="oauth-flows.spec.js" time="0">
<skipped>
</skipped>
</testcase>
<testcase name="Google OAuth Flows › Navigation and Routing › should navigate to role selection page" classname="oauth-flows.spec.js" time="0">
<skipped>
</skipped>
</testcase>
<testcase name="Google OAuth Flows › Navigation and Routing › should navigate to onboarding page" classname="oauth-flows.spec.js" time="0">
<skipped>
</skipped>
</testcase>
<testcase name="Google OAuth Flows › Error Handling › should handle missing session storage gracefully" classname="oauth-flows.spec.js" time="0">
<skipped>
</skipped>
</testcase>
<testcase name="Google OAuth Flows › Error Handling › should display error messages for failed operations" classname="oauth-flows.spec.js" time="0">
<skipped>
</skipped>
</testcase>
<testcase name="Google OAuth Flows › Mobile Responsiveness › should display OAuth buttons correctly on mobile" classname="oauth-flows.spec.js" time="0">
<skipped>
</skipped>
</testcase>
<testcase name="Google OAuth Flows › Mobile Responsiveness › should display role selection correctly on mobile" classname="oauth-flows.spec.js" time="0">
<skipped>
</skipped>
</testcase>
</testsuite>
<testsuite name="oauth-flows.spec.js" timestamp="2025-09-24T11:42:50.485Z" hostname="Mobile Chrome" tests="21" failures="0" skipped="21" time="0" errors="0">
<testcase name="Google OAuth Flows › Client OAuth Flow › should display client Google OAuth button on register page" classname="oauth-flows.spec.js" time="0">
<skipped>
</skipped>
</testcase>
<testcase name="Google OAuth Flows › Client OAuth Flow › should set intendedRole to client when clicking client button" classname="oauth-flows.spec.js" time="0">
<skipped>
</skipped>
</testcase>
<testcase name="Google OAuth Flows › Client OAuth Flow › should display client Google OAuth button on login page" classname="oauth-flows.spec.js" time="0">
<skipped>
</skipped>
</testcase>
<testcase name="Google OAuth Flows › Client OAuth Flow › should set intendedRole to client when clicking client button on login" classname="oauth-flows.spec.js" time="0">
<skipped>
</skipped>
</testcase>
<testcase name="Google OAuth Flows › Practitioner OAuth Flow › should display practitioner Google OAuth button on register page" classname="oauth-flows.spec.js" time="0">
<skipped>
</skipped>
</testcase>
<testcase name="Google OAuth Flows › Practitioner OAuth Flow › should set intendedRole to practitioner when clicking practitioner button" classname="oauth-flows.spec.js" time="0">
<skipped>
</skipped>
</testcase>
<testcase name="Google OAuth Flows › Practitioner OAuth Flow › should display practitioner Google OAuth button on login page" classname="oauth-flows.spec.js" time="0">
<skipped>
</skipped>
</testcase>
<testcase name="Google OAuth Flows › Practitioner OAuth Flow › should set intendedRole to practitioner when clicking practitioner button on login" classname="oauth-flows.spec.js" time="0">
<skipped>
</skipped>
</testcase>
<testcase name="Google OAuth Flows › Role Selection Page › should display role selection options for practitioners" classname="oauth-flows.spec.js" time="0">
<skipped>
</skipped>
</testcase>
<testcase name="Google OAuth Flows › Role Selection Page › should allow selecting osteopath role" classname="oauth-flows.spec.js" time="0">
<skipped>
</skipped>
</testcase>
<testcase name="Google OAuth Flows › Role Selection Page › should allow selecting sports therapist role" classname="oauth-flows.spec.js" time="0">
<skipped>
</skipped>
</testcase>
<testcase name="Google OAuth Flows › Role Selection Page › should allow selecting massage therapist role" classname="oauth-flows.spec.js" time="0">
<skipped>
</skipped>
</testcase>
<testcase name="Google OAuth Flows › Role Selection Page › should allow selecting client role" classname="oauth-flows.spec.js" time="0">
<skipped>
</skipped>
</testcase>
<testcase name="Google OAuth Flows › Navigation and Routing › should navigate to register page" classname="oauth-flows.spec.js" time="0">
<skipped>
</skipped>
</testcase>
<testcase name="Google OAuth Flows › Navigation and Routing › should navigate to login page" classname="oauth-flows.spec.js" time="0">
<skipped>
</skipped>
</testcase>
<testcase name="Google OAuth Flows › Navigation and Routing › should navigate to role selection page" classname="oauth-flows.spec.js" time="0">
<skipped>
</skipped>
</testcase>
<testcase name="Google OAuth Flows › Navigation and Routing › should navigate to onboarding page" classname="oauth-flows.spec.js" time="0">
<skipped>
</skipped>
</testcase>
<testcase name="Google OAuth Flows › Error Handling › should handle missing session storage gracefully" classname="oauth-flows.spec.js" time="0">
<skipped>
</skipped>
</testcase>
<testcase name="Google OAuth Flows › Error Handling › should display error messages for failed operations" classname="oauth-flows.spec.js" time="0">
<skipped>
</skipped>
</testcase>
<testcase name="Google OAuth Flows › Mobile Responsiveness › should display OAuth buttons correctly on mobile" classname="oauth-flows.spec.js" time="0">
<skipped>
</skipped>
</testcase>
<testcase name="Google OAuth Flows › Mobile Responsiveness › should display role selection correctly on mobile" classname="oauth-flows.spec.js" time="0">
<skipped>
</skipped>
</testcase>
</testsuite>
<testsuite name="oauth-flows.spec.js" timestamp="2025-09-24T11:42:50.485Z" hostname="Mobile Safari" tests="21" failures="0" skipped="21" time="0" errors="0">
<testcase name="Google OAuth Flows › Client OAuth Flow › should display client Google OAuth button on register page" classname="oauth-flows.spec.js" time="0">
<skipped>
</skipped>
</testcase>
<testcase name="Google OAuth Flows › Client OAuth Flow › should set intendedRole to client when clicking client button" classname="oauth-flows.spec.js" time="0">
<skipped>
</skipped>
</testcase>
<testcase name="Google OAuth Flows › Client OAuth Flow › should display client Google OAuth button on login page" classname="oauth-flows.spec.js" time="0">
<skipped>
</skipped>
</testcase>
<testcase name="Google OAuth Flows › Client OAuth Flow › should set intendedRole to client when clicking client button on login" classname="oauth-flows.spec.js" time="0">
<skipped>
</skipped>
</testcase>
<testcase name="Google OAuth Flows › Practitioner OAuth Flow › should display practitioner Google OAuth button on register page" classname="oauth-flows.spec.js" time="0">
<skipped>
</skipped>
</testcase>
<testcase name="Google OAuth Flows › Practitioner OAuth Flow › should set intendedRole to practitioner when clicking practitioner button" classname="oauth-flows.spec.js" time="0">
<skipped>
</skipped>
</testcase>
<testcase name="Google OAuth Flows › Practitioner OAuth Flow › should display practitioner Google OAuth button on login page" classname="oauth-flows.spec.js" time="0">
<skipped>
</skipped>
</testcase>
<testcase name="Google OAuth Flows › Practitioner OAuth Flow › should set intendedRole to practitioner when clicking practitioner button on login" classname="oauth-flows.spec.js" time="0">
<skipped>
</skipped>
</testcase>
<testcase name="Google OAuth Flows › Role Selection Page › should display role selection options for practitioners" classname="oauth-flows.spec.js" time="0">
<skipped>
</skipped>
</testcase>
<testcase name="Google OAuth Flows › Role Selection Page › should allow selecting osteopath role" classname="oauth-flows.spec.js" time="0">
<skipped>
</skipped>
</testcase>
<testcase name="Google OAuth Flows › Role Selection Page › should allow selecting sports therapist role" classname="oauth-flows.spec.js" time="0">
<skipped>
</skipped>
</testcase>
<testcase name="Google OAuth Flows › Role Selection Page › should allow selecting massage therapist role" classname="oauth-flows.spec.js" time="0">
<skipped>
</skipped>
</testcase>
<testcase name="Google OAuth Flows › Role Selection Page › should allow selecting client role" classname="oauth-flows.spec.js" time="0">
<skipped>
</skipped>
</testcase>
<testcase name="Google OAuth Flows › Navigation and Routing › should navigate to register page" classname="oauth-flows.spec.js" time="0">
<skipped>
</skipped>
</testcase>
<testcase name="Google OAuth Flows › Navigation and Routing › should navigate to login page" classname="oauth-flows.spec.js" time="0">
<skipped>
</skipped>
</testcase>
<testcase name="Google OAuth Flows › Navigation and Routing › should navigate to role selection page" classname="oauth-flows.spec.js" time="0">
<skipped>
</skipped>
</testcase>
<testcase name="Google OAuth Flows › Navigation and Routing › should navigate to onboarding page" classname="oauth-flows.spec.js" time="0">
<skipped>
</skipped>
</testcase>
<testcase name="Google OAuth Flows › Error Handling › should handle missing session storage gracefully" classname="oauth-flows.spec.js" time="0">
<skipped>
</skipped>
</testcase>
<testcase name="Google OAuth Flows › Error Handling › should display error messages for failed operations" classname="oauth-flows.spec.js" time="0">
<skipped>
</skipped>
</testcase>
<testcase name="Google OAuth Flows › Mobile Responsiveness › should display OAuth buttons correctly on mobile" classname="oauth-flows.spec.js" time="0">
<skipped>
</skipped>
</testcase>
<testcase name="Google OAuth Flows › Mobile Responsiveness › should display role selection correctly on mobile" classname="oauth-flows.spec.js" time="0">
<skipped>
</skipped>
</testcase>
</testsuite>
</testsuites>